<?xml version="1.0" encoding="UTF-8"?>
<coverage generated="1588768952348" clover="3.2.0">
  <project timestamp="1588768952348" name="All files">
    <metrics statements="31" coveredstatements="29" conditionals="2" coveredconditionals="2" methods="18" coveredmethods="16" elements="51" coveredelements="47" complexity="0" loc="31" ncloc="31" packages="4" files="10" classes="10"/>
    <package name="components.search.input_items">
      <metrics statements="8" coveredstatements="8" conditionals="2" coveredconditionals="2" methods="5" coveredmethods="5"/>
      <file name="check_item.vue" path="/home/alina/workspase/InnoTasks/LocalDocks/lrdb-front/src/components/search/input_items/check_item.vue">
        <metrics statements="2" coveredstatements="2" conditionals="0" coveredconditionals="0" methods="2" coveredmethods="2"/>
        <line num="39" count="1" type="stmt"/>
        <line num="50" count="3" type="stmt"/>
      </file>
      <file name="input_date_range.vue" path="/home/alina/workspase/InnoTasks/LocalDocks/lrdb-front/src/components/search/input_items/input_date_range.vue">
        <metrics statements="6" coveredstatements="6" conditionals="2" coveredconditionals="2" methods="3" coveredmethods="3"/>
        <line num="50" count="4" type="stmt"/>
        <line num="58" count="7" type="stmt"/>
        <line num="59" count="7" type="cond" truecount="2" falsecount="0"/>
        <line num="60" count="1" type="stmt"/>
        <line num="62" count="6" type="stmt"/>
        <line num="68" count="1" type="stmt"/>
      </file>
    </package>
    <package name="components.tips">
      <metrics statements="8" coveredstatements="8" conditionals="0" coveredconditionals="0" methods="3" coveredmethods="3"/>
      <file name="tip_container.vue" path="/home/alina/workspase/InnoTasks/LocalDocks/lrdb-front/src/components/tips/tip_container.vue">
        <metrics statements="4" coveredstatements="4" conditionals="0" coveredconditionals="0" methods="0" coveredmethods="0"/>
        <line num="19" count="1" type="stmt"/>
        <line num="20" count="1" type="stmt"/>
        <line num="21" count="1" type="stmt"/>
        <line num="22" count="1" type="stmt"/>
      </file>
      <file name="tips.vue" path="/home/alina/workspase/InnoTasks/LocalDocks/lrdb-front/src/components/tips/tips.vue">
        <metrics statements="4" coveredstatements="4" conditionals="0" coveredconditionals="0" methods="3" coveredmethods="3"/>
        <line num="32" count="8" type="stmt"/>
        <line num="37" count="8" type="stmt"/>
        <line num="47" count="4" type="stmt"/>
        <line num="48" count="4" type="stmt"/>
      </file>
    </package>
    <package name="components.tips.templates">
      <metrics statements="4" coveredstatements="4" conditionals="0" coveredconditionals="0" methods="0" coveredmethods="0"/>
      <file name="load_nav_tip.vue" path="/home/alina/workspase/InnoTasks/LocalDocks/lrdb-front/src/components/tips/templates/load_nav_tip.vue">
        <metrics statements="1" coveredstatements="1" conditionals="0" coveredconditionals="0" methods="0" coveredmethods="0"/>
        <line num="17" count="1" type="stmt"/>
      </file>
      <file name="navigation_tip.vue" path="/home/alina/workspase/InnoTasks/LocalDocks/lrdb-front/src/components/tips/templates/navigation_tip.vue">
        <metrics statements="1" coveredstatements="1" conditionals="0" coveredconditionals="0" methods="0" coveredmethods="0"/>
        <line num="17" count="1" type="stmt"/>
      </file>
      <file name="prev_tip.vue" path="/home/alina/workspase/InnoTasks/LocalDocks/lrdb-front/src/components/tips/templates/prev_tip.vue">
        <metrics statements="1" coveredstatements="1" conditionals="0" coveredconditionals="0" methods="0" coveredmethods="0"/>
        <line num="18" count="1" type="stmt"/>
      </file>
      <file name="submit_tip.vue" path="/home/alina/workspase/InnoTasks/LocalDocks/lrdb-front/src/components/tips/templates/submit_tip.vue">
        <metrics statements="1" coveredstatements="1" conditionals="0" coveredconditionals="0" methods="0" coveredmethods="0"/>
        <line num="11" count="1" type="stmt"/>
      </file>
    </package>
    <package name="store">
      <metrics statements="11" coveredstatements="9" conditionals="0" coveredconditionals="0" methods="10" coveredmethods="8"/>
      <file name="mutations.js" path="/home/alina/workspase/InnoTasks/LocalDocks/lrdb-front/src/store/mutations.js">
        <metrics statements="5" coveredstatements="4" conditionals="0" coveredconditionals="0" methods="5" coveredmethods="4"/>
        <line num="3" count="0" type="stmt"/>
        <line num="6" count="1" type="stmt"/>
        <line num="9" count="1" type="stmt"/>
        <line num="12" count="1" type="stmt"/>
        <line num="15" count="1" type="stmt"/>
      </file>
      <file name="store.js" path="/home/alina/workspase/InnoTasks/LocalDocks/lrdb-front/src/store/store.js">
        <metrics statements="6" coveredstatements="5" conditionals="0" coveredconditionals="0" methods="5" coveredmethods="4"/>
        <line num="4" count="1" type="stmt"/>
        <line num="18" count="0" type="stmt"/>
        <line num="19" count="2" type="stmt"/>
        <line num="20" count="2" type="stmt"/>
        <line num="21" count="2" type="stmt"/>
        <line num="22" count="2" type="stmt"/>
      </file>
    </package>
  </project>
</coverage>
