{"/home/alina/workspase/InnoTasks/LocalDocks/lrdb-front/src/components/search/input_items/check_item.vue": {"path":"/home/alina/workspase/InnoTasks/LocalDocks/lrdb-front/src/components/search/input_items/check_item.vue","statementMap":{"0":{"start":{"line":39,"column":0},"end":{"line":39,"column":null}},"1":{"start":{"line":50,"column":0},"end":{"line":50,"column":null}}},"fnMap":{"0":{"name":"(anonymous_1)","decl":{"start":{"line":38,"column":0},"end":{"line":38,"column":null}},"loc":{"start":{"line":38,"column":0},"end":{"line":42,"column":null}}},"1":{"name":"(anonymous_2)","decl":{"start":{"line":49,"column":0},"end":{"line":49,"column":null}},"loc":{"start":{"line":49,"column":0},"end":{"line":51,"column":null}}}},"branchMap":{},"s":{"0":1,"1":3},"f":{"0":1,"1":3},"b":{}}
,"/home/alina/workspase/InnoTasks/LocalDocks/lrdb-front/src/components/tips/tip_container.vue": {"path":"/home/alina/workspase/InnoTasks/LocalDocks/lrdb-front/src/components/tips/tip_container.vue","statementMap":{"0":{"start":{"line":19,"column":0},"end":{"line":19,"column":null}},"1":{"start":{"line":20,"column":0},"end":{"line":20,"column":null}},"2":{"start":{"line":21,"column":0},"end":{"line":21,"column":null}},"3":{"start":{"line":22,"column":0},"end":{"line":22,"column":null}}},"fnMap":{},"branchMap":{},"s":{"0":1,"1":1,"2":1,"3":1},"f":{},"b":{}}
,"/home/alina/workspase/InnoTasks/LocalDocks/lrdb-front/src/components/tips/tips.vue": {"path":"/home/alina/workspase/InnoTasks/LocalDocks/lrdb-front/src/components/tips/tips.vue","statementMap":{"0":{"start":{"line":32,"column":0},"end":{"line":32,"column":null}},"1":{"start":{"line":37,"column":0},"end":{"line":37,"column":null}},"2":{"start":{"line":47,"column":0},"end":{"line":47,"column":null}},"3":{"start":{"line":48,"column":0},"end":{"line":48,"column":null}}},"fnMap":{"0":{"name":"(anonymous_1)","decl":{"start":{"line":31,"column":0},"end":{"line":31,"column":null}},"loc":{"start":{"line":31,"column":0},"end":{"line":35,"column":null}}},"1":{"name":"(anonymous_2)","decl":{"start":{"line":36,"column":0},"end":{"line":36,"column":null}},"loc":{"start":{"line":36,"column":0},"end":{"line":38,"column":null}}},"2":{"name":"(anonymous_3)","decl":{"start":{"line":46,"column":0},"end":{"line":46,"column":null}},"loc":{"start":{"line":46,"column":0},"end":{"line":49,"column":null}}}},"branchMap":{},"s":{"0":8,"1":8,"2":4,"3":4},"f":{"0":8,"1":8,"2":4},"b":{}}
,"/home/alina/workspase/InnoTasks/LocalDocks/lrdb-front/src/components/tips/templates/load_nav_tip.vue": {"path":"/home/alina/workspase/InnoTasks/LocalDocks/lrdb-front/src/components/tips/templates/load_nav_tip.vue","statementMap":{"0":{"start":{"line":17,"column":0},"end":{"line":17,"column":null}}},"fnMap":{},"branchMap":{},"s":{"0":1},"f":{},"b":{}}
,"/home/alina/workspase/InnoTasks/LocalDocks/lrdb-front/src/components/tips/templates/navigation_tip.vue": {"path":"/home/alina/workspase/InnoTasks/LocalDocks/lrdb-front/src/components/tips/templates/navigation_tip.vue","statementMap":{"0":{"start":{"line":17,"column":0},"end":{"line":17,"column":null}}},"fnMap":{},"branchMap":{},"s":{"0":1},"f":{},"b":{}}
,"/home/alina/workspase/InnoTasks/LocalDocks/lrdb-front/src/components/tips/templates/prev_tip.vue": {"path":"/home/alina/workspase/InnoTasks/LocalDocks/lrdb-front/src/components/tips/templates/prev_tip.vue","statementMap":{"0":{"start":{"line":18,"column":0},"end":{"line":18,"column":null}}},"fnMap":{},"branchMap":{},"s":{"0":1},"f":{},"b":{}}
,"/home/alina/workspase/InnoTasks/LocalDocks/lrdb-front/src/components/tips/templates/submit_tip.vue": {"path":"/home/alina/workspase/InnoTasks/LocalDocks/lrdb-front/src/components/tips/templates/submit_tip.vue","statementMap":{"0":{"start":{"line":11,"column":0},"end":{"line":11,"column":null}}},"fnMap":{},"branchMap":{},"s":{"0":1},"f":{},"b":{}}
,"/home/alina/workspase/InnoTasks/LocalDocks/lrdb-front/src/store/mutations.js": {"data":{"path":"/home/alina/workspase/InnoTasks/LocalDocks/lrdb-front/src/store/mutations.js","statementMap":{"0":{"start":{"line":3,"column":8},"end":{"line":3,"column":33}},"1":{"start":{"line":6,"column":8},"end":{"line":6,"column":33}},"2":{"start":{"line":9,"column":8},"end":{"line":9,"column":36}},"3":{"start":{"line":12,"column":8},"end":{"line":12,"column":34}},"4":{"start":{"line":15,"column":8},"end":{"line":15,"column":34}}},"fnMap":{"0":{"name":"(anonymous_0)","decl":{"start":{"line":2,"column":4},"end":{"line":2,"column":5}},"loc":{"start":{"line":2,"column":26},"end":{"line":4,"column":5}},"line":2},"1":{"name":"(anonymous_1)","decl":{"start":{"line":5,"column":4},"end":{"line":5,"column":5}},"loc":{"start":{"line":5,"column":24},"end":{"line":7,"column":5}},"line":5},"2":{"name":"(anonymous_2)","decl":{"start":{"line":8,"column":4},"end":{"line":8,"column":5}},"loc":{"start":{"line":8,"column":27},"end":{"line":10,"column":5}},"line":8},"3":{"name":"(anonymous_3)","decl":{"start":{"line":11,"column":4},"end":{"line":11,"column":5}},"loc":{"start":{"line":11,"column":25},"end":{"line":13,"column":5}},"line":11},"4":{"name":"(anonymous_4)","decl":{"start":{"line":14,"column":4},"end":{"line":14,"column":5}},"loc":{"start":{"line":14,"column":25},"end":{"line":16,"column":5}},"line":14}},"branchMap":{},"s":{"0":0,"1":1,"2":1,"3":1,"4":1},"f":{"0":0,"1":1,"2":1,"3":1,"4":1},"b":{},"_coverageSchema":"43e27e138ebf9cfc5966b082cf9a028302ed4184","hash":"fbaf5a7dd4eff528b94ab64f94b9aa15fec82679"}}
,"/home/alina/workspase/InnoTasks/LocalDocks/lrdb-front/src/store/store.js": {"data":{"path":"/home/alina/workspase/InnoTasks/LocalDocks/lrdb-front/src/store/store.js","statementMap":{"0":{"start":{"line":4,"column":0},"end":{"line":4,"column":14}},"1":{"start":{"line":18,"column":33},"end":{"line":18,"column":51}},"2":{"start":{"line":19,"column":28},"end":{"line":19,"column":45}},"3":{"start":{"line":20,"column":31},"end":{"line":20,"column":51}},"4":{"start":{"line":21,"column":29},"end":{"line":21,"column":47}},"5":{"start":{"line":22,"column":29},"end":{"line":22,"column":47}}},"fnMap":{"0":{"name":"(anonymous_0)","decl":{"start":{"line":18,"column":22},"end":{"line":18,"column":23}},"loc":{"start":{"line":18,"column":33},"end":{"line":18,"column":51}},"line":18},"1":{"name":"(anonymous_1)","decl":{"start":{"line":19,"column":17},"end":{"line":19,"column":18}},"loc":{"start":{"line":19,"column":28},"end":{"line":19,"column":45}},"line":19},"2":{"name":"(anonymous_2)","decl":{"start":{"line":20,"column":20},"end":{"line":20,"column":21}},"loc":{"start":{"line":20,"column":31},"end":{"line":20,"column":51}},"line":20},"3":{"name":"(anonymous_3)","decl":{"start":{"line":21,"column":18},"end":{"line":21,"column":19}},"loc":{"start":{"line":21,"column":29},"end":{"line":21,"column":47}},"line":21},"4":{"name":"(anonymous_4)","decl":{"start":{"line":22,"column":18},"end":{"line":22,"column":19}},"loc":{"start":{"line":22,"column":29},"end":{"line":22,"column":47}},"line":22}},"branchMap":{},"s":{"0":1,"1":0,"2":2,"3":2,"4":2,"5":2},"f":{"0":0,"1":2,"2":2,"3":2,"4":2},"b":{},"_coverageSchema":"43e27e138ebf9cfc5966b082cf9a028302ed4184","hash":"b830d9d351ee7ce3f7ea53ed1583aceb84d3ac07"}}
}
