TN:
SF:src/components/search/input_items/check_item.vue
FN:38,(anonymous_1)
FN:49,(anonymous_2)
FNF:2
FNH:2
FNDA:1,(anonymous_1)
FNDA:3,(anonymous_2)
DA:39,1
DA:50,3
LF:2
LH:2
BRF:0
BRH:0
end_of_record
TN:
SF:src/components/search/input_items/input_date_range.vue
FN:49,(anonymous_1)
FN:57,(anonymous_2)
FN:67,(anonymous_3)
FNF:3
FNH:3
FNDA:4,(anonymous_1)
FNDA:7,(anonymous_2)
FNDA:1,(anonymous_3)
DA:50,4
DA:58,7
DA:59,7
DA:60,1
DA:62,6
DA:68,1
LF:6
LH:6
BRDA:59,0,0,1
BRDA:59,0,1,6
BRF:2
BRH:2
end_of_record
TN:
SF:src/components/tips/tip_container.vue
FNF:0
FNH:0
DA:19,1
DA:20,1
DA:21,1
DA:22,1
LF:4
LH:4
BRF:0
BRH:0
end_of_record
TN:
SF:src/components/tips/tips.vue
FN:31,(anonymous_1)
FN:36,(anonymous_2)
FN:46,(anonymous_3)
FNF:3
FNH:3
FNDA:8,(anonymous_1)
FNDA:8,(anonymous_2)
FNDA:4,(anonymous_3)
DA:32,8
DA:37,8
DA:47,4
DA:48,4
LF:4
LH:4
BRF:0
BRH:0
end_of_record
TN:
SF:src/components/tips/templates/load_nav_tip.vue
FNF:0
FNH:0
DA:17,1
LF:1
LH:1
BRF:0
BRH:0
end_of_record
TN:
SF:src/components/tips/templates/navigation_tip.vue
FNF:0
FNH:0
DA:17,1
LF:1
LH:1
BRF:0
BRH:0
end_of_record
TN:
SF:src/components/tips/templates/prev_tip.vue
FNF:0
FNH:0
DA:18,1
LF:1
LH:1
BRF:0
BRH:0
end_of_record
TN:
SF:src/components/tips/templates/submit_tip.vue
FNF:0
FNH:0
DA:11,1
LF:1
LH:1
BRF:0
BRH:0
end_of_record
TN:
SF:src/store/mutations.js
FN:2,(anonymous_0)
FN:5,(anonymous_1)
FN:8,(anonymous_2)
FN:11,(anonymous_3)
FN:14,(anonymous_4)
FNF:5
FNH:4
FNDA:0,(anonymous_0)
FNDA:1,(anonymous_1)
FNDA:1,(anonymous_2)
FNDA:1,(anonymous_3)
FNDA:1,(anonymous_4)
DA:3,0
DA:6,1
DA:9,1
DA:12,1
DA:15,1
LF:5
LH:4
BRF:0
BRH:0
end_of_record
TN:
SF:src/store/store.js
FN:18,(anonymous_0)
FN:19,(anonymous_1)
FN:20,(anonymous_2)
FN:21,(anonymous_3)
FN:22,(anonymous_4)
FNF:5
FNH:4
FNDA:0,(anonymous_0)
FNDA:2,(anonymous_1)
FNDA:2,(anonymous_2)
FNDA:2,(anonymous_3)
FNDA:2,(anonymous_4)
DA:4,1
DA:18,0
DA:19,2
DA:20,2
DA:21,2
DA:22,2
LF:6
LH:5
BRF:0
BRH:0
end_of_record
